<?xml version="1.0" encoding="UTF-8"?>
<!-- Generated by org.testng.reporters.JUnitXMLReporter -->
<testsuite ignored="0" hostname="WKSBAN36ARYTR31" failures="1" tests="1" name="Surefire test" time="0.785" errors="0" timestamp="2026-03-31T10:35:33 IST">
  <testcase classname="io.cucumber.testng.AbstractTestNGCucumberTests" name="runScenario" time="0.111">
    <failure type="java.lang.ExceptionInInitializerError">
      <![CDATA[java.lang.ExceptionInInitializerError
at com.training.factory.DriverFactory.initDriver(DriverFactory.java:19)
at com.training.hooks.Hooks.setUp(Hooks.java:18)
Caused by: java.lang.RuntimeException: config.properties file not found in src/main/resources
at com.training.utils.ConfigReader.<clinit>(ConfigReader.java:14)
... 2 more
]]>
    </failure>
  </testcase> <!-- runScenario -->
</testsuite> <!-- Surefire test -->
