<?xml version="1.0" encoding="UTF-8"?>
<!-- Generated by org.testng.reporters.JUnitXMLReporter -->
<testsuite ignored="0" hostname="WKSBAN36ARYTR31" failures="0" tests="0" name="Cucumber Tests" time="0.187" errors="0" timestamp="2026-03-31T15:27:08 IST">
  <testcase classname="io.cucumber.testng.AbstractTestNGCucumberTests" name="@BeforeClass setUpClass" time="0.144">
    <failure type="io.cucumber.core.gherkin.FeatureParserException" message="Failed to parse resource at: file:///C:/Users/muvvala.sivakumar/eclipse-workspace/Cucumber-POM-Framework-logs/src/test/resources/features/login.feature
(1:1): expected: #EOF, #Language, #TagLine, #FeatureLine, #Comment, #Empty, got &amp;apos;Scenario: Login test&amp;apos;
(2:3): expected: #EOF, #Language, #TagLine, #FeatureLine, #Comment, #Empty, got &amp;apos;Given user launches the application&amp;apos;
(3:3): expected: #EOF, #Language, #TagLine, #FeatureLine, #Comment, #Empty, got &amp;apos;When user enters username&amp;apos;
(4:3): expected: #EOF, #Language, #TagLine, #FeatureLine, #Comment, #Empty, got &amp;apos;And user enters password&amp;apos;
(5:3): expected: #EOF, #Language, #TagLine, #FeatureLine, #Comment, #Empty, got &amp;apos;And user clicks login button&amp;apos;
(6:3): expected: #EOF, #Language, #TagLine, #FeatureLine, #Comment, #Empty, got &amp;apos;Then user should see dashboard&amp;apos;">
      <![CDATA[io.cucumber.core.gherkin.FeatureParserException: Failed to parse resource at: file:///C:/Users/muvvala.sivakumar/eclipse-workspace/Cucumber-POM-Framework-logs/src/test/resources/features/login.feature
(1:1): expected: #EOF, #Language, #TagLine, #FeatureLine, #Comment, #Empty, got 'Scenario: Login test'
(2:3): expected: #EOF, #Language, #TagLine, #FeatureLine, #Comment, #Empty, got 'Given user launches the application'
(3:3): expected: #EOF, #Language, #TagLine, #FeatureLine, #Comment, #Empty, got 'When user enters username'
(4:3): expected: #EOF, #Language, #TagLine, #FeatureLine, #Comment, #Empty, got 'And user enters password'
(5:3): expected: #EOF, #Language, #TagLine, #FeatureLine, #Comment, #Empty, got 'And user clicks login button'
(6:3): expected: #EOF, #Language, #TagLine, #FeatureLine, #Comment, #Empty, got 'Then user should see dashboard'
at io.cucumber.core.gherkin.messages.GherkinMessagesFeatureParser.parse(GherkinMessagesFeatureParser.java:56)
at io.cucumber.core.feature.FeatureParser.parseResource(FeatureParser.java:46)
at java.base/java.util.function.BiFunction.lambda$andThen$0(BiFunction.java:70)
at io.cucumber.core.resource.ResourceScanner.lambda$processResource$1(ResourceScanner.java:79)
at io.cucumber.core.resource.PathScanner$ResourceFileVisitor.visitFile(PathScanner.java:82)
at io.cucumber.core.resource.PathScanner$ResourceFileVisitor.visitFile(PathScanner.java:67)
at java.base/java.nio.file.Files.walkFileTree(Files.java:2725)
at io.cucumber.core.resource.PathScanner.findResourcesForPath(PathScanner.java:61)
at io.cucumber.core.resource.PathScanner.findResourcesForPath(PathScanner.java:54)
at io.cucumber.core.resource.PathScanner.findResourcesForUri(PathScanner.java:34)
at io.cucumber.core.resource.ResourceScanner.findResourcesForUri(ResourceScanner.java:61)
at io.cucumber.core.resource.ResourceScanner.scanForResourcesUri(ResourceScanner.java:134)
at io.cucumber.core.runtime.FeaturePathFeatureSupplier.loadFeatures(FeaturePathFeatureSupplier.java:62)
at io.cucumber.core.runtime.FeaturePathFeatureSupplier.get(FeaturePathFeatureSupplier.java:45)
at io.cucumber.testng.TestNGCucumberRunner.<init>(TestNGCucumberRunner.java:125)
at io.cucumber.testng.AbstractTestNGCucumberTests.setUpClass(AbstractTestNGCucumberTests.java:27)
at java.base/java.util.ArrayList.forEach(ArrayList.java:1541)
... Removed 25 stack frames]]>
    </failure>
  </testcase> <!-- @BeforeClass setUpClass -->
</testsuite> <!-- Cucumber Tests -->
