<?xml version="1.0" encoding="UTF-8"?>
<testng-results ignored="0" total="3" passed="3" failed="0" skipped="0">
  <reporter-output>
  </reporter-output>
  <suite started-at="2026-04-01T10:52:17 IST" name="Default suite" finished-at="2026-04-01T10:53:16 IST" duration-ms="59348">
    <groups>
      <group name="cucumber">
        <method signature="AbstractTestNGCucumberTests.runScenario(io.cucumber.testng.PickleWrapper,io.cucumber.testng.FeatureWrapper)[pri:0, instance:com.training.runners.RunCucumberTest@36a5cabc]" name="runScenario" class="io.cucumber.testng.AbstractTestNGCucumberTests"/>
      </group> <!-- cucumber -->
    </groups>
    <test started-at="2026-04-01T10:52:17 IST" name="Default test" finished-at="2026-04-01T10:53:16 IST" duration-ms="59348">
      <class name="com.training.runners.RunCucumberTest">
        <test-method is-config="true" signature="setUpClass(org.testng.ITestContext)[pri:0, instance:com.training.runners.RunCucumberTest@36a5cabc]" started-at="2026-04-01T10:52:17 IST" name="setUpClass" finished-at="2026-04-01T10:52:17 IST" duration-ms="586" status="PASS">
          <params>
            <param index="0">
              <value>
                <![CDATA[org.testng.TestRunner@589dfa6f]]>
              </value>
            </param>
          </params>
          <reporter-output>
          </reporter-output>
        </test-method> <!-- setUpClass -->
        <test-method signature="runScenario(io.cucumber.testng.PickleWrapper,io.cucumber.testng.FeatureWrapper)[pri:0, instance:com.training.runners.RunCucumberTest@36a5cabc]" started-at="2026-04-01T10:52:17 IST" name="runScenario" description="Runs Cucumber Scenarios" data-provider="scenarios" finished-at="2026-04-01T10:52:37 IST" duration-ms="19698" status="PASS">
          <params>
            <param index="0">
              <value>
                <![CDATA["Login using Excel rows"]]>
              </value>
            </param>
            <param index="1">
              <value>
                <![CDATA["Login feature with Excel data"]]>
              </value>
            </param>
          </params>
          <reporter-output>
          </reporter-output>
        </test-method> <!-- runScenario -->
        <test-method signature="runScenario(io.cucumber.testng.PickleWrapper,io.cucumber.testng.FeatureWrapper)[pri:0, instance:com.training.runners.RunCucumberTest@36a5cabc]" started-at="2026-04-01T10:52:37 IST" name="runScenario" description="Runs Cucumber Scenarios" data-provider="scenarios" finished-at="2026-04-01T10:52:59 IST" duration-ms="22202" status="PASS">
          <params>
            <param index="0">
              <value>
                <![CDATA["Login using Excel rows"]]>
              </value>
            </param>
            <param index="1">
              <value>
                <![CDATA["Login feature with Excel data"]]>
              </value>
            </param>
          </params>
          <reporter-output>
          </reporter-output>
        </test-method> <!-- runScenario -->
        <test-method signature="runScenario(io.cucumber.testng.PickleWrapper,io.cucumber.testng.FeatureWrapper)[pri:0, instance:com.training.runners.RunCucumberTest@36a5cabc]" started-at="2026-04-01T10:52:59 IST" name="runScenario" description="Runs Cucumber Scenarios" data-provider="scenarios" finished-at="2026-04-01T10:53:16 IST" duration-ms="16754" status="PASS">
          <params>
            <param index="0">
              <value>
                <![CDATA["Login using Excel rows"]]>
              </value>
            </param>
            <param index="1">
              <value>
                <![CDATA["Login feature with Excel data"]]>
              </value>
            </param>
          </params>
          <reporter-output>
          </reporter-output>
        </test-method> <!-- runScenario -->
        <test-method is-config="true" signature="tearDownClass()[pri:0, instance:com.training.runners.RunCucumberTest@36a5cabc]" started-at="2026-04-01T10:53:16 IST" name="tearDownClass" finished-at="2026-04-01T10:53:16 IST" duration-ms="58" status="PASS">
          <reporter-output>
          </reporter-output>
        </test-method> <!-- tearDownClass -->
      </class> <!-- com.training.runners.RunCucumberTest -->
    </test> <!-- Default test -->
  </suite> <!-- Default suite -->
</testng-results>
