<?xml version="1.0" encoding="UTF-8"?>
<!-- Generated by org.testng.reporters.JUnitReportReporter -->
<testsuite hostname="WKSBAN36ARYTR31" failures="0" tests="3" name="com.training.runners.RunCucumberTest" time="58.654" errors="0" timestamp="2026-04-01T10:53:16 IST" skipped="0">
  <testcase classname="com.training.runners.RunCucumberTest" name="runScenario" time="22.202"/>
  <testcase classname="com.training.runners.RunCucumberTest" name="runScenario" time="16.754"/>
  <testcase classname="com.training.runners.RunCucumberTest" name="runScenario" time="19.698"/>
</testsuite> <!-- com.training.runners.RunCucumberTest -->
