<?xml version="1.0" encoding="UTF-8"?>
<!-- Generated by org.testng.reporters.JUnitReportReporter -->
<testsuite hostname="WKSBAN36ARYTR31" failures="0" tests="1" name="com.training.runners.RunCucumberTest" time="0.111" errors="1" timestamp="2026-03-31T10:35:33 IST" skipped="0">
  <testcase classname="com.training.runners.RunCucumberTest" name="runScenario" time="0.111">
    <error type="java.lang.ExceptionInInitializerError">
      <![CDATA[java.lang.ExceptionInInitializerError
at com.training.factory.DriverFactory.initDriver(DriverFactory.java:19)
at com.training.hooks.Hooks.setUp(Hooks.java:18)
Caused by: java.lang.RuntimeException: config.properties file not found in src/main/resources
at com.training.utils.ConfigReader.<clinit>(ConfigReader.java:14)
... 2 more
]]>
    </error>
  </testcase> <!-- runScenario -->
</testsuite> <!-- com.training.runners.RunCucumberTest -->
